[    0.000000] Initializing cgroup subsys cpuset
[    0.000000] Initializing cgroup subsys cpu
[    0.000000] Initializing cgroup subsys cpuacct
[    0.000000] Linux version 4.4.0-146-generic (buildd@lcy01-amd64-025) (gcc version 5.4.0 20160609 (Ubuntu 5.4.0-6ubuntu1~16.04.10) ) #172-Ubuntu SMP Wed Apr 3 09:00:08 UTC 2019 (Ubuntu 4.4.0-146.172-generic 4.4.177)
[    0.000000] Command line: BOOT_IMAGE=/boot/vmlinuz-4.4.0-146-generic root=LABEL=cloudimg-rootfs ro console=tty1 console=ttyS0
[    0.000000] KERNEL supported cpus:
[    0.000000]   Intel GenuineIntel
[    0.000000]   AMD AuthenticAMD
[    0.000000]   Centaur CentaurHauls
[    0.000000] x86/fpu: xstate_offset[2]:  576, xstate_sizes[2]:  256
[    0.000000] x86/fpu: Supporting XSAVE feature 0x01: 'x87 floating point registers'
[    0.000000] x86/fpu: Supporting XSAVE feature 0x02: 'SSE registers'
[    0.000000] x86/fpu: Supporting XSAVE feature 0x04: 'AVX registers'
[    0.000000] x86/fpu: Enabled xstate features 0x7, context size is 832 bytes, using 'standard' format.
[    0.000000] e820: BIOS-provided physical RAM map:
[    0.000000] BIOS-e820: [mem 0x0000000000000000-0x000000000009fbff] usable
[    0.000000] BIOS-e820: [mem 0x000000000009fc00-0x000000000009ffff] reserved
[    0.000000] BIOS-e820: [mem 0x00000000000f0000-0x00000000000fffff] reserved
[    0.000000] BIOS-e820: [mem 0x0000000000100000-0x000000003ffeffff] usable
[    0.000000] BIOS-e820: [mem 0x000000003fff0000-0x000000003fffffff] ACPI data
[    0.000000] BIOS-e820: [mem 0x00000000fec00000-0x00000000fec00fff] reserved
[    0.000000] BIOS-e820: [mem 0x00000000fee00000-0x00000000fee00fff] reserved
[    0.000000] BIOS-e820: [mem 0x00000000fffc0000-0x00000000ffffffff] reserved
[    0.000000] NX (Execute Disable) protection: active
[    0.000000] SMBIOS 2.5 present.
[    0.000000] Hypervisor detected: KVM
[    0.000000] e820: last_pfn = 0x3fff0 max_arch_pfn = 0x400000000
[    0.000000] MTRR: Disabled
[    0.000000] x86/PAT: MTRRs disabled, skipping PAT initialization too.
[    0.000000] CPU MTRRs all blank - virtualized system.
[    0.000000] x86/PAT: Configuration [0-7]: WB  WT  UC- UC  WB  WT  UC- UC  
[    0.000000] found SMP MP-table at [mem 0x0009fff0-0x0009ffff] mapped at [ffff88000009fff0]
[    0.000000] Scanning 1 areas for low memory corruption
[    0.000000] RAMDISK: [mem 0x362fa000-0x37174fff]
[    0.000000] ACPI: Early table checksum verification disabled
[    0.000000] ACPI: RSDP 0x00000000000E0000 000024 (v02 VBOX  )
[    0.000000] ACPI: XSDT 0x000000003FFF0030 00003C (v01 VBOX   VBOXXSDT 00000001 ASL  00000061)
[    0.000000] ACPI: FACP 0x000000003FFF00F0 0000F4 (v04 VBOX   VBOXFACP 00000001 ASL  00000061)
[    0.000000] ACPI: DSDT 0x000000003FFF0470 0021C8 (v02 VBOX   VBOXBIOS 00000002 INTL 20100528)
[    0.000000] ACPI: FACS 0x000000003FFF0200 000040
[    0.000000] ACPI: FACS 0x000000003FFF0200 000040
[    0.000000] ACPI: APIC 0x000000003FFF0240 00005C (v02 VBOX   VBOXAPIC 00000001 ASL  00000061)
[    0.000000] ACPI: SSDT 0x000000003FFF02A0 0001CC (v01 VBOX   VBOXCPUT 00000002 INTL 20100528)
[    0.000000] No NUMA configuration found
[    0.000000] Faking a node at [mem 0x0000000000000000-0x000000003ffeffff]
[    0.000000] NODE_DATA(0) allocated [mem 0x3ffeb000-0x3ffeffff]
[    0.000000] kvm-clock: Using msrs 4b564d01 and 4b564d00
[    0.000000] kvm-clock: cpu 0, msr 0:3ffe3001, primary cpu clock
[    0.000000] kvm-clock: using sched offset of 3204732959 cycles
[    0.000000] clocksource: kvm-clock: mask: 0xffffffffffffffff max_cycles: 0x1cd42e4dffb, max_idle_ns: 881590591483 ns
[    0.000000] Zone ranges:
[    0.000000]   DMA      [mem 0x0000000000001000-0x0000000000ffffff]
[    0.000000]   DMA32    [mem 0x0000000001000000-0x000000003ffeffff]
[    0.000000]   Normal   empty
[    0.000000]   Device   empty
[    0.000000] Movable zone start for each node
[    0.000000] Early memory node ranges
[    0.000000]   node   0: [mem 0x0000000000001000-0x000000000009efff]
[    0.000000]   node   0: [mem 0x0000000000100000-0x000000003ffeffff]
[    0.000000] Initmem setup node 0 [mem 0x0000000000001000-0x000000003ffeffff]
[    0.000000] ACPI: PM-Timer IO Port: 0x4008
[    0.000000] IOAPIC[0]: apic_id 2, version 32, address 0xfec00000, GSI 0-23
[    0.000000] ACPI: INT_SRC_OVR (bus 0 bus_irq 0 global_irq 2 dfl dfl)
[    0.000000] ACPI: INT_SRC_OVR (bus 0 bus_irq 9 global_irq 9 high level)
[    0.000000] Using ACPI (MADT) for SMP configuration information
[    0.000000] smpboot: Allowing 2 CPUs, 0 hotplug CPUs
[    0.000000] PM: Registered nosave memory: [mem 0x00000000-0x00000fff]
[    0.000000] PM: Registered nosave memory: [mem 0x0009f000-0x0009ffff]
[    0.000000] PM: Registered nosave memory: [mem 0x000a0000-0x000effff]
[    0.000000] PM: Registered nosave memory: [mem 0x000f0000-0x000fffff]
[    0.000000] e820: [mem 0x40000000-0xfebfffff] available for PCI devices
[    0.000000] Booting paravirtualized kernel on KVM
[    0.000000] clocksource: refined-jiffies: mask: 0xffffffff max_cycles: 0xffffffff, max_idle_ns: 7645519600211568 ns
[    0.000000] setup_percpu: NR_CPUS:512 nr_cpumask_bits:512 nr_cpu_ids:2 nr_node_ids:1
[    0.000000] PERCPU: Embedded 34 pages/cpu @ffff88003fc00000 s99480 r8192 d31592 u1048576
[    0.000000] Built 1 zonelists in Node order, mobility grouping on.  Total pages: 257912
[    0.000000] Policy zone: DMA32
[    0.000000] Kernel command line: BOOT_IMAGE=/boot/vmlinuz-4.4.0-146-generic root=LABEL=cloudimg-rootfs ro console=tty1 console=ttyS0
[    0.000000] PID hash table entries: 4096 (order: 3, 32768 bytes)
[    0.000000] Memory: 997732K/1048120K available (8609K kernel code, 1334K rwdata, 4028K rodata, 1484K init, 1284K bss, 50388K reserved, 0K cma-reserved)
[    0.000000] SLUB: HWalign=64, Order=0-3, MinObjects=0, CPUs=2, Nodes=1
[    0.000000] Kernel/User page tables isolation: enabled
[    0.000000] Hierarchical RCU implementation.
[    0.000000] 	Build-time adjustment of leaf fanout to 64.
[    0.000000] 	RCU restricting CPUs from NR_CPUS=512 to nr_cpu_ids=2.
[    0.000000] RCU: Adjusting geometry for rcu_fanout_leaf=64, nr_cpu_ids=2
[    0.000000] NR_IRQS:33024 nr_irqs:440 16
[    0.000000] Console: colour VGA+ 80x25
[    0.000000] console [tty1] enabled
[    0.000000] console [ttyS0] enabled
[    0.000000] tsc: Detected 1799.999 MHz processor
[    3.298820] Calibrating delay loop (skipped) preset value.. 3599.99 BogoMIPS (lpj=7199996)
[    3.307988] pid_max: default: 32768 minimum: 301
[    3.309111] ACPI: Core revision 20150930
[    3.311158] ACPI: 2 ACPI AML tables successfully acquired and loaded
[    3.391336] Security Framework initialized
[    3.392816] Yama: becoming mindful.
[    3.424326] AppArmor: AppArmor initialized
[    3.478827] Dentry cache hash table entries: 131072 (order: 8, 1048576 bytes)
[    3.562931] Inode-cache hash table entries: 65536 (order: 7, 524288 bytes)
[    3.610898] Mount-cache hash table entries: 2048 (order: 2, 16384 bytes)
[    3.614107] Mountpoint-cache hash table entries: 2048 (order: 2, 16384 bytes)
[    3.616045] Initializing cgroup subsys io
[    3.618230] Initializing cgroup subsys memory
[    3.644541] Initializing cgroup subsys devices
[    3.659896] Initializing cgroup subsys freezer
[    3.674458] Initializing cgroup subsys net_cls
[    3.681537] Initializing cgroup subsys perf_event
[    3.686566] Initializing cgroup subsys net_prio
[    3.692999] Initializing cgroup subsys hugetlb
[    3.714496] Initializing cgroup subsys pids
[    3.769368] mce: CPU supports 0 MCE banks
[    3.797051] Last level iTLB entries: 4KB 64, 2MB 8, 4MB 8
[    3.798607] Last level dTLB entries: 4KB 64, 2MB 0, 4MB 0, 1GB 4
[    3.815756] Spectre V2 : Mitigation: Full generic retpoline
[    3.828639] Spectre V2 : Spectre v2 / SpectreRSB mitigation: Filling RSB on context switch
[    3.884037] Speculative Store Bypass: Vulnerable
[    3.900010] Freeing SMP alternatives memory: 36K
[    3.908277] ftrace: allocating 32287 entries in 127 pages
[    3.984513] smpboot: APIC(0) Converting physical 0 to logical package 0
[    4.095970] smpboot: Max logical packages: 1
[    4.159911] x2apic enabled
[    4.206144] Switched APIC routing to physical x2apic.
[    4.208500] ..TIMER: vector=0x30 apic1=0 pin1=2 apic2=-1 pin2=-1
[    4.318120] smpboot: CPU0: Intel(R) Core(TM) i5-5350U CPU @ 1.80GHz (family: 0x6, model: 0x3d, stepping: 0x4)
[    4.449835] Performance Events: unsupported p6 CPU model 61 no PMU driver, software events only.
[    4.488018] KVM setup paravirtual spinlock
[    4.550882] x86: Booting SMP configuration:
[    4.612812] .... node  #0, CPUs:      #1
[    4.660668] kvm-clock: cpu 1, msr 0:3ffe3041, secondary cpu clock
[    4.671085] mce: CPU supports 0 MCE banks
[    4.673795] x86: Booted up 1 node, 2 CPUs
[    4.710720] smpboot: Total of 2 processors activated (7199.99 BogoMIPS)
[    4.735723] devtmpfs: initialized
[    4.751080] evm: security.selinux
[    4.790307] evm: security.SMACK64
[    4.802340] evm: security.SMACK64EXEC
[    4.806458] evm: security.SMACK64TRANSMUTE
[    4.810826] evm: security.SMACK64MMAP
[    4.815027] evm: security.ima
[    4.821774] evm: security.capability
[    4.825405] clocksource: jiffies: mask: 0xffffffff max_cycles: 0xffffffff, max_idle_ns: 7645041785100000 ns
[    4.846044] futex hash table entries: 512 (order: 3, 32768 bytes)
[    4.910482] pinctrl core: initialized pinctrl subsystem
[    4.941049] RTC time:  8:26:37, date: 05/30/19
[    4.948082] NET: Registered protocol family 16
[    4.976881] cpuidle: using governor ladder
[    5.008918] cpuidle: using governor menu
[    5.019950] PCCT header not found.
[    5.068725] ACPI: bus type PCI registered
[    5.072921] acpiphp: ACPI Hot Plug PCI Controller Driver version: 0.5
[    5.112260] PCI: Using configuration type 1 for base access
[    5.158442] ACPI: Added _OSI(Module Device)
[    5.211605] ACPI: Added _OSI(Processor Device)
[    5.239795] ACPI: Added _OSI(3.0 _SCP Extensions)
[    5.281167] ACPI: Added _OSI(Processor Aggregator Device)
[    5.338589] ACPI: Executed 1 blocks of module-level executable AML code
[    5.374809] ACPI: Interpreter enabled
[    5.415374] ACPI: (supports S0 S5)
[    5.448775] ACPI: Using IOAPIC for interrupt routing
[    5.497041] PCI: Using host bridge windows from ACPI; if necessary, use "pci=nocrs" and report a bug
[    5.589232] ACPI: PCI Root Bridge [PCI0] (domain 0000 [bus 00-ff])
[    5.636008] acpi PNP0A03:00: _OSC: OS supports [ASPM ClockPM Segments MSI]
[    5.692578] acpi PNP0A03:00: _OSC failed (AE_NOT_FOUND); disabling ASPM
[    5.762725] acpi PNP0A03:00: fail to add MMCONFIG information, can't access extended PCI configuration space under this bridge.
[    5.870993] PCI host bridge to bus 0000:00
[    5.895320] pci_bus 0000:00: root bus resource [io  0x0000-0x0cf7 window]
[    5.964488] pci_bus 0000:00: root bus resource [io  0x0d00-0xffff window]
[    5.995063] pci_bus 0000:00: root bus resource [mem 0x000a0000-0x000bffff window]
[    6.072953] pci_bus 0000:00: root bus resource [mem 0x40000000-0xffdfffff window]
[    6.134437] pci_bus 0000:00: root bus resource [bus 00-ff]
[    6.195482] pci 0000:00:01.1: legacy IDE quirk: reg 0x10: [io  0x01f0-0x01f7]
[    6.273537] pci 0000:00:01.1: legacy IDE quirk: reg 0x14: [io  0x03f6]
[    6.333354] pci 0000:00:01.1: legacy IDE quirk: reg 0x18: [io  0x0170-0x0177]
[    6.398508] pci 0000:00:01.1: legacy IDE quirk: reg 0x1c: [io  0x0376]
[    6.477046] pci 0000:00:07.0: quirk: [io  0x4000-0x403f] claimed by PIIX4 ACPI
[    6.544511] pci 0000:00:07.0: quirk: [io  0x4100-0x410f] claimed by PIIX4 SMB
[    6.637317] ACPI: PCI Interrupt Link [LNKA] (IRQs 5 9 10 *11)
[    6.708235] ACPI: PCI Interrupt Link [LNKB] (IRQs 5 9 10 *11)
[    6.764061] ACPI: PCI Interrupt Link [LNKC] (IRQs 5 9 *10 11)
[    6.839182] ACPI: PCI Interrupt Link [LNKD] (IRQs 5 *9 10 11)
[    6.876282] ACPI: Enabled 2 GPEs in block 00 to 07
[    6.921462] vgaarb: setting as boot device: PCI:0000:00:02.0
[    6.976740] vgaarb: device added: PCI:0000:00:02.0,decodes=io+mem,owns=io+mem,locks=none
[    7.021147] vgaarb: loaded
[    7.039676] vgaarb: bridge control possible 0000:00:02.0
[    7.075597] SCSI subsystem initialized
[    7.123841] ACPI: bus type USB registered
[    7.164371] usbcore: registered new interface driver usbfs
[    7.223140] usbcore: registered new interface driver hub
[    7.280175] usbcore: registered new device driver usb
[    7.315487] PCI: Using ACPI for IRQ routing
[    7.374575] NetLabel: Initializing
[    7.411831] NetLabel:  domain hash size = 128
[    7.466715] NetLabel:  protocols = UNLABELED CIPSOv4
[    7.513281] NetLabel:  unlabeled traffic allowed by default
[    7.536929] amd_nb: Cannot enumerate AMD northbridges
[    7.587508] clocksource: Switched to clocksource kvm-clock
[    7.659527] AppArmor: AppArmor Filesystem Enabled
[    7.740148] pnp: PnP ACPI init
[    7.806237] pnp: PnP ACPI: found 3 devices
[    7.909142] clocksource: acpi_pm: mask: 0xffffff max_cycles: 0xffffff, max_idle_ns: 2085701024 ns
[    8.103058] NET: Registered protocol family 2
[    8.159935] TCP established hash table entries: 8192 (order: 4, 65536 bytes)
[    8.225008] TCP bind hash table entries: 8192 (order: 5, 131072 bytes)
[    8.301160] TCP: Hash tables configured (established 8192 bind 8192)
[    8.414119] UDP hash table entries: 512 (order: 2, 16384 bytes)
[    8.436766] UDP-Lite hash table entries: 512 (order: 2, 16384 bytes)
[    8.438283] NET: Registered protocol family 1
[    8.439365] pci 0000:00:00.0: Limiting direct PCI/PCI transfers
[    8.440768] pci 0000:00:01.0: Activating ISA DMA hang workarounds
[    8.514597] Unpacking initramfs...
[    8.839598] Freeing initrd memory: 14828K
[    8.861346] RAPL PMU detected, API unit is 2^-32 Joules, 4 fixed counters 10737418240 ms ovfl timer
[    8.915574] hw unit of domain pp0-core 2^-0 Joules
[    8.916874] hw unit of domain package 2^-0 Joules
[    8.918121] hw unit of domain dram 2^-0 Joules
[    8.944527] hw unit of domain pp1-gpu 2^-0 Joules
[    8.985346] platform rtc_cmos: registered platform RTC device (no PNP device found)
[    9.115054] Scanning for low memory corruption every 60 seconds
[    9.117157] audit: initializing netlink subsys (disabled)
[    9.204449] audit: type=2000 audit(1559204799.195:1): initialized
[    9.206412] Initialise system trusted keyring
[    9.237470] HugeTLB registered 2 MB page size, pre-allocated 0 pages
[    9.257847] zbud: loaded
[    9.266358] VFS: Disk quotas dquot_6.6.0
[    9.276818] VFS: Dquot-cache hash table entries: 512 (order 0, 4096 bytes)
[    9.295154] squashfs: version 4.0 (2009/01/31) Phillip Lougher
[    9.344642] fuse init (API version 7.23)
[    9.386847] Key type big_key registered
[    9.413807] Allocating IMA MOK and blacklist keyrings.
[    9.506381] Key type asymmetric registered
[    9.563335] Asymmetric key parser 'x509' registered
[    9.632461] Block layer SCSI generic (bsg) driver version 0.4 loaded (major 249)
[    9.704474] io scheduler noop registered
[    9.734677] io scheduler deadline registered (default)
[    9.773501] io scheduler cfq registered
[    9.843301] pci_hotplug: PCI Hot Plug PCI Core version: 0.5
[    9.902537] pciehp: PCI Express Hot Plug Controller Driver version: 0.4
[   10.047724] tsc: Refined TSC clocksource calibration: 1799.613 MHz
[   10.133695] clocksource: tsc: mask: 0xffffffffffffffff max_cycles: 0x19f0bc0c425, max_idle_ns: 440795278704 ns
[   10.134134] ACPI: AC Adapter [AC] (on-line)
[   10.134201] input: Power Button as /devices/LNXSYSTM:00/LNXPWRBN:00/input/input0
[   10.134204] ACPI: Power Button [PWRF]
[   10.134278] input: Sleep Button as /devices/LNXSYSTM:00/LNXSLPBN:00/input/input1
[   10.134279] ACPI: Sleep Button [SLPF]
[   10.134460] GHES: HEST is not enabled!
[   10.237771] ACPI: Battery Slot [BAT0] (battery present)
[   10.238274] Serial: 8250/16550 driver, 32 ports, IRQ sharing enabled
[   10.299906] 00:02: ttyS0 at I/O 0x3f8 (irq = 4, base_baud = 115200) is a 16550A
[   10.350667] Linux agpgart interface v0.103
[   10.353296] loop: module loaded
[   10.354178] scsi host0: ata_piix
[   10.354290] scsi host1: ata_piix
[   10.354341] ata1: PATA max UDMA/33 cmd 0x1f0 ctl 0x3f6 bmdma 0xd000 irq 14
[   10.354343] ata2: PATA max UDMA/33 cmd 0x170 ctl 0x376 bmdma 0xd008 irq 15
[   10.354453] libphy: Fixed MDIO Bus: probed
[   10.354456] tun: Universal TUN/TAP device driver, 1.6
[   10.354457] tun: (C) 1999-2004 Max Krasnyansky <maxk@qualcomm.com>
[   10.354862] PPP generic driver version 2.4.2
[   10.354945] ehci_hcd: USB 2.0 'Enhanced' Host Controller (EHCI) Driver
[   10.354951] ehci-pci: EHCI PCI platform driver
[   10.354975] ehci-platform: EHCI generic platform driver
[   10.354986] ohci_hcd: USB 1.1 'Open' Host Controller (OHCI) Driver
[   10.354990] ohci-pci: OHCI PCI platform driver
[   10.355002] ohci-platform: OHCI generic platform driver
[   10.355013] uhci_hcd: USB Universal Host Controller Interface driver
[   10.355091] i8042: PNP: PS/2 Controller [PNP0303:PS2K,PNP0f03:PS2M] at 0x60,0x64 irq 1,12
[   10.355622] serio: i8042 KBD port at 0x60,0x64 irq 1
[   10.355627] serio: i8042 AUX port at 0x60,0x64 irq 12
[   10.355735] mousedev: PS/2 mouse device common for all mice
[   10.356061] input: AT Translated Set 2 keyboard as /devices/platform/i8042/serio0/input/input2
[   10.356531] rtc_cmos rtc_cmos: rtc core: registered rtc_cmos as rtc0
[   10.356620] rtc_cmos rtc_cmos: alarms up to one day, 114 bytes nvram
[   10.356631] i2c /dev entries driver
[   10.356710] device-mapper: uevent: version 1.0.3
[   10.356796] device-mapper: ioctl: 4.34.0-ioctl (2015-10-28) initialised: dm-devel@redhat.com
[   10.356824] ledtrig-cpu: registered to indicate activity on CPUs
[   10.357728] NET: Registered protocol family 10
[   10.357979] NET: Registered protocol family 17
[   10.357990] Key type dns_resolver registered
[   10.358395] registered taskstats version 1
[   10.358414] Loading compiled-in X.509 certificates
[   10.359497] Loaded X.509 cert 'Build time autogenerated kernel key: 4dcb2dc2c7cf43e0c20c44384f68683c20294489'
[   10.359567] zswap: loaded using pool lzo/zbud
[   10.362181] Key type trusted registered
[   10.367243] Key type encrypted registered
[   10.367252] AppArmor: AppArmor sha1 policy hashing enabled
[   10.367256] ima: No TPM chip found, activating TPM-bypass!
[   10.367265] ima: Allocated hash algorithm: sha1
[   10.367282] evm: HMAC attrs: 0x1
[   10.367873]   Magic number: 3:470:423
[   10.370306] rtc_cmos rtc_cmos: setting system clock to 2019-05-30 08:26:42 UTC (1559204802)
[   10.370437] BIOS EDD facility v0.16 2004-Jun-25, 0 devices found
[   10.370437] EDD information not available.
[   12.127502] Freeing unused kernel memory: 1484K
[   12.208465] Write protecting the kernel read-only data: 14336k
[   12.324677] Freeing unused kernel memory: 1620K
[   12.422446] Freeing unused kernel memory: 68K
Loading, please wait...
starting version[   12.477469] random: systemd-udevd: uninitialized urandom read (16 bytes read, 7 bits of entropy available)
 229
[   12.478375] random: udevadm: uninitialized urandom read (16 bytes read, 7 bits of entropy available)
[   12.478407] random: udevadm: uninitialized urandom read (16 bytes read, 7 bits of entropy available)
[   12.498533] random: udevadm: uninitialized urandom read (16 bytes read, 7 bits of entropy available)
[   12.498615] random: udevadm: uninitialized urandom read (16 bytes read, 7 bits of entropy available)
[   12.498918] random: udevadm: uninitialized urandom read (16 bytes read, 7 bits of entropy available)
[   12.499034] random: udevadm: uninitialized urandom read (16 bytes read, 7 bits of entropy available)
[   12.499155] random: udevadm: uninitialized urandom read (16 bytes read, 7 bits of entropy available)
[   12.499361] random: udevadm: uninitialized urandom read (16 bytes read, 7 bits of entropy available)
[   12.499471] random: udevadm: uninitialized urandom read (16 bytes read, 7 bits of entropy available)
[   13.393528] e1000: Intel(R) PRO/1000 Network Driver - version 7.3.21-k8-NAPI
[   13.445021] e1000: Copyright (c) 1999-2006 Intel Corporation.
[   13.546885] Fusion MPT base driver 3.04.20
[   13.564059] Copyright (c) 1999-2008 LSI Corporation
[   13.646735] AVX version of gcm_enc/dec engaged.
[   13.653878] AES CTR mode by8 optimization enabled
[   13.676284] Fusion MPT SPI Host driver 3.04.20
[   13.830312] input: ImExPS/2 Generic Explorer Mouse as /devices/platform/i8042/serio1/input/input4
[   14.005588] e1000 0000:00:03.0 eth0: (PCI:33MHz:32-bit) 02:3a:f4:24:e2:72
[   14.061431] e1000 0000:00:03.0 eth0: Intel(R) PRO/1000 Network Connection
[   14.511169] e1000 0000:00:08.0 eth1: (PCI:33MHz:32-bit) 08:00:27:ed:ba:80
[   14.576221] e1000 0000:00:08.0 eth1: Intel(R) PRO/1000 Network Connection
[   14.659354] e1000 0000:00:03.0 enp0s3: renamed from eth0
[   14.732054] mptbase: ioc0: Initiating bringup
[   14.804123] e1000 0000:00:08.0 enp0s8: renamed from eth1
[   14.896066] ioc0: LSI53C1030 A0: Capabilities={Initiator}
[   15.135119] scsi host2: ioc0: LSI53C1030 A0, FwRev=00000000h, Ports=1, MaxQ=256, IRQ=20
[   15.391425] scsi 2:0:0:0: Direct-Access     VBOX     HARDDISK         1.0  PQ: 0 ANSI: 5
[   15.493038] scsi target2:0:0: Beginning Domain Validation
[   15.538736] scsi target2:0:0: Domain Validation skipping write tests
[   15.573644] scsi target2:0:0: Ending Domain Validation
[   15.624708] scsi target2:0:0: asynchronous
[   15.641333] scsi 2:0:1:0: Direct-Access     VBOX     HARDDISK         1.0  PQ: 0 ANSI: 5
[   15.760322] scsi target2:0:1: Beginning Domain Validation
[   15.816141] scsi target2:0:1: Domain Validation skipping write tests
[   15.845832] scsi target2:0:1: Ending Domain Validation
[   15.848100] scsi target2:0:1: asynchronous
[   15.931806] sd 2:0:0:0: [sda] 20971520 512-byte logical blocks: (10.7 GB/10.0 GiB)
[   15.947871] sd 2:0:0:0: Attached scsi generic sg0 type 0
[   15.948497] sd 2:0:1:0: Attached scsi generic sg1 type 0
[   16.060926] sd 2:0:1:0: [sdb] 20480 512-byte logical blocks: (10.5 MB/10.0 MiB)
[   16.159478] sd 2:0:0:0: [sda] Write Protect is off
[   16.273959] sd 2:0:1:0: [sdb] Write Protect is off
[   16.404246] sd 2:0:1:0: [sdb] Incomplete mode parameter data
[   16.468667] sd 2:0:1:0: [sdb] Assuming drive cache: write through
[   16.501107] sd 2:0:0:0: [sda] Incomplete mode parameter data
[   16.525137] sd 2:0:0:0: [sda] Assuming drive cache: write through
[   16.566769]  sda: sda1
[   16.597544] sd 2:0:1:0: [sdb] Attached SCSI disk
[   16.691731] sd 2:0:0:0: [sda] Attached SCSI disk
Begin: Loading e[   18.173125] md: linear personality registered for level -1
ssential drivers ... [   18.205860] md: multipath personality registered for level -4
[   18.228906] md: raid0 personality registered for level 0
[   18.258235] md: raid1 personality registered for level 1
[   18.343691] raid6: sse2x1   gen()  7764 MB/s
[   18.456001] raid6: sse2x1   xor()  5708 MB/s
[   18.559670] raid6: sse2x2   gen()  8849 MB/s
[   18.695667] raid6: sse2x2   xor()  6971 MB/s
[   18.827553] raid6: sse2x4   gen() 12036 MB/s
[   18.948315] raid6: sse2x4   xor()  8019 MB/s
[   18.976698] raid6: using algorithm sse2x4 gen() 12036 MB/s
[   18.977973] raid6: .... xor() 8019 MB/s, rmw enabled
[   18.979378] raid6: using ssse3x2 recovery algorithm
[   19.055787] xor: automatically using best checksumming function:
[   19.151625]    avx       : 23847.000 MB/sec
[   19.190711] async_tx: api initialized (async)
[   19.301275] md: raid6 personality registered for level 6
[   19.321206] md: raid5 personality registered for level 5
[   19.322689] md: raid4 personality registered for level 4
[   19.344047] md: raid10 personality registered for level 10
done.
Begin: Running /scripts/init-premount ... done.
Begin: Mounting root file system ... Begin: Running /scripts/local-top ... done.
Begin: Running /scripts/local[   19.413095] Btrfs loaded
-premount ... Scanning for Btrfs filesystems
done.
Warning: fsck no[   19.541888] EXT4-fs (sda1): mounted filesystem with ordered data mode. Opts: (null)
t present, so skipping root file system
done.
Begin: Running /scripts/local-bottom ... done.
Begin: Running /scripts/init-bottom ... done.
[   19.766080] systemd[1]: systemd 229 running in system mode. (+PAM +AUDIT +SELINUX +IMA +APPARMOR +SMACK +SYSVINIT +UTMP +LIBCRYPTSETUP +GCRYPT +GNUTLS +ACL +XZ -LZ4 +SECCOMP +BLKID +ELFUTILS +KMOD -IDN)
[   20.000098] systemd[1]: Detected virtualization oracle.
[   20.053337] systemd[1]: Detected architecture x86-64.

Welcome to [1mUbuntu 16.04.6 LTS[0m!

[   20.152899] systemd[1]: Set hostname to <ubuntu>.
[   20.259392] systemd[1]: Initializing machine ID from random generator.
[   20.340248] systemd[1]: Installed transient /etc/machine-id file.
[   20.478299] random: nonblocking pool is initialized
[   20.584082] systemd[1]: Started Trigger resolvconf update for networkd DNS.
[[0;32m  OK  [0m] Started Trigger resolvconf update for networkd DNS.
[   20.641487] systemd[1]: Listening on Journal Socket (/dev/log).
[[0;32m  OK  [0m] Listening on Journal Socket (/dev/log).
[   20.812239] systemd[1]: Listening on Journal Audit Socket.
[[0;32m  OK  [0m] Listening on Journal Audit Socket.
[   20.896500] systemd[1]: Listening on LVM2 poll daemon socket.
[[0;32m  OK  [0m] Listening on LVM2 poll daemon socket.
[   21.044276] systemd[1]: Listening on /dev/initctl Compatibility Named Pipe.
[[0;32m  OK  [0m] Listening on /dev/initctl Compatibility Named Pipe.
[   21.232420] systemd[1]: Set up automount Arbitrary Executable File Formats File System Automount Point.
[[0;32m  OK  [0m] Set up automount Arbitrary Executab...ats File System Automount Point.
[   21.412387] systemd[1]: Listening on Syslog Socket.
[[0;32m  OK  [0m] Listening on Syslog Socket.
[   21.528207] systemd[1]: Reached target User and Group Name Lookups.
[[0;32m  OK  [0m] Reached target User and Group Name Lookups.
[   21.583873] systemd[1]: Reached target Swap.
[[0;32m  OK  [0m] Reached target Swap.
[   21.700579] systemd[1]: Reached target Encrypted Volumes.
[[0;32m  OK  [0m] Reached target Encrypted Volumes.
[   21.816107] systemd[1]: Listening on Device-mapper event daemon FIFOs.
[[0;32m  OK  [0m] Listening on Device-mapper event daemon FIFOs.
[   21.912441] systemd[1]: Listening on udev Kernel Socket.
[[0;32m  OK  [0m] Listening on udev Kernel Socket.
[   21.951225] systemd[1]: Listening on LVM2 metadata daemon socket.
[[0;32m  OK  [0m] Listening on LVM2 metadata daemon socket.
[   22.014542] systemd[1]: Reached target System Time Synchronized.
[[0;32m  OK  [0m] Reached target System Time Synchronized.
[   22.023694] systemd[1]: Started Forward Password Requests to Wall Directory Watch.
[[0;32m  OK  [0m] Started Forward Password Requests to Wall Directory Watch.
[   22.173282] systemd[1]: Created slice System Slice.
[[0;32m  OK  [0m] Created slice System Slice.
[   22.228795] systemd[1]: Created slice system-serial\x2dgetty.slice.
[[0;32m  OK  [0m] Created slice system-serial\x2dgetty.slice.
[   22.404902] systemd[1]: Created slice User and Session Slice.
[[0;32m  OK  [0m] Created slice User and Session Slice.
[   22.552573] systemd[1]: Reached target Slices.
[[0;32m  OK  [0m] Reached target Slices.
[   22.648396] systemd[1]: Listening on udev Control Socket.
[[0;32m  OK  [0m] Listening on udev Control Socket.
[   22.693159] systemd[1]: Listening on Journal Socket.
[[0;32m  OK  [0m] Listening on Journal Socket.
[   22.736589] systemd[1]: Starting Nameserver information manager...
         Starting Nameserver information manager...
[   22.763010] systemd[1]: Starting Uncomplicated firewall...
         Starting Uncomplicated firewall...
[   22.823848] systemd[1]: Starting Monitoring of LVM2 mirrors, snapshots etc. using dmeventd or progress polling...
         Starting Monitoring of LVM2 mirrors... dmeventd or progress polling...
[   22.960148] systemd[1]: Mounting Huge Pages File System...
         Mounting Huge Pages File System...
[   23.076651] systemd[1]: Starting Journal Service...
         Starting Journal Service...
[   23.137597] systemd[1]: Mounting POSIX Message Queue File System...
         Mounting POSIX Message Queue File System...
[   23.184630] systemd[1]: Mounting Debug File System...
         Mounting Debug File System...
[   23.284188] systemd[1]: Starting Remount Root and Kernel File Systems...
         [   23.335956] EXT4-fs (sda1): re-mounted. Opts: (null)
Starting Remount Root and Kernel File Systems...
[   23.436042] systemd[1]: Starting Set console keymap...
         Starting Set console keymap...
[   23.531945] systemd[1]: Starting Load Kernel Modules...
         [   23.598541] Loading iSCSI transport class v2.0-870.
Starting Load Kernel Modules...
[   23.633699] systemd[1]: Starting Create list of required static device nodes for the current kernel...
[   23.654041] iscsi: registered transport (tcp)
         Starting Create list of required st... nodes for the current kernel...
[   23.717594] iscsi: registered transport (iser)
[   23.777550] systemd[1]: Mounted POSIX Message Queue File System.
[[0;32m  OK  [0m] Mounted POSIX Message Queue File System.
[   23.831960] systemd[1]: Mounted Debug File System.
[[0;32m  OK  [0m] Mounted Debug File System.
[   23.968213] systemd[1]: Mounted Huge Pages File System.
[[0;32m  OK  [0m] Mounted Huge Pages File System.
[   23.997030] systemd[1]: Started Journal Service.
[[0;32m  OK  [0m] Started Journal Service.
[[0;32m  OK  [0m] Started Uncomplicated firewall.
[[0;32m  OK  [0m] Started Remount Root and Kernel File Systems.
[[0;32m  OK  [0m] Started Set console keymap.
[[0;32m  OK  [0m] Started Load Kernel Modules.
[[0;32m  OK  [0m] Started Create list of required sta...ce nodes for the current kernel.
[[0;32m  OK  [0m] Started Nameserver information manager.
[[0;32m  OK  [0m] Started LVM2 metadata daemon.
         Starting Create Static Device Nodes in /dev...
         Starting Apply Kernel Variables...
         Mounting FUSE Control File System...
         Starting Load/Save Random Seed...
         Starting udev Coldplug all Devices...
         Starting Flush Journal to Persistent Storage...
[[0;32m  OK  [0m] Mounted FUSE Control File System.
[[0;32m  OK  [0m] Started Monitoring of LVM2 mirrors,...ng dmeventd or progress polling.
[[0;32m  OK  [0m] Started Create Static Device Nodes in /dev.
[[0;32m  OK  [0m] Started Apply Kernel Variables.
[[0;32m  OK  [0m] Started Load/Save Random Seed.
[[0;32m  OK  [0m] Started Flush Journal to Persistent Storage.
[[0;32m  OK  [0m] Started udev Coldplug all Devices.
         Starting udev Kernel Device Manager...
[[0;32m  OK  [0m] Reached target Local File Systems (Pre).
[[0;32m  OK  [0m] Reached target Local File Systems.
         Starting LSB: AppArmor initialization...
         Starting Set console font and keymap...
         Starting Create Volatile Files and Directories...
         Starting Initial cloud-init job (pre-networking)...
         Starting Tell Plymouth To Write Out Runtime Data...
         Starting Commit a transient machine-id on disk...
[[0;32m  OK  [0m] Started udev Kernel Device Manager.
[[0;32m  OK  [0m] Started Create Volatile Files and Directories.
[[0;32m  OK  [0m] Started Tell Plymouth To Write Out Runtime Data.
[[0;32m  OK  [0m] Started Commit a transient machine-id on disk.
[[0;32m  OK  [0m] Found device /dev/ttyS0.
[[0;32m  OK  [0m] Listening on Load/Save RF Kill Switch Status /dev/rfkill Watch.
         Starting Update UTMP about System Boot/Shutdown...
[   19.707726] cloud-init[488]: Cloud-init v. 18.5-45-g3554ffe8-0ubuntu1~16.04.1 running 'init-local' at Thu, 30 May 2019 08:26:58 +0000. Up 19.09 seconds.
[[0;32m  OK  [0m] Started Dispatch Password Requests to Console Directory Watch.
[[0;32m  OK  [0m] Started LSB: AppArmor initialization.
[[0;32m  OK  [0m] Started Set console font and keymap.
[[0;32m  OK  [0m] Started Initial cloud-init job (pre-networking).
[[0;32m  OK  [0m] Started Update UTMP about System Boot/Shutdown.
[[0;32m  OK  [0m] Reached target Network (Pre).
[[0;32m  OK  [0m] Created slice system-getty.slice.
         Starting Raise network interfaces...
[[0;32m  OK  [0m] Started Raise network interfaces.
         Starting Initial cloud-init job (metadata service crawler)...
[[0;32m  OK  [0m] Reached target Network.
[   22.691790] cloud-init[943]: Cloud-init v. 18.5-45-g3554ffe8-0ubuntu1~16.04.1 running 'init' at Thu, 30 May 2019 08:27:00 +0000. Up 21.59 seconds.
[   22.765919] cloud-init[943]: ci-info: ++++++++++++++++++++++++++++++++++++++Net device info+++++++++++++++++++++++++++++++++++++++
[[0;32m  OK  [0m] Started Initial cloud-init job (metadata service crawler).
[   22.801334] cloud-init[943]: ci-info: +--------+-------+----------------------------+---------------+--------+-------------------+
[[0;32m  OK  [0m] Reached target System Initialization.
[   22.835886] [[0;32m  OK  [0m] Listening on ACPID Listen Socket.
[[0;32m  OK  [0m] Started Daily Cleanup of Temporary Directories.
[[0;32m  OK  [0m] Listening on D-Bus System Message Bus Socket.
cloud-init[943]: ci-info: | Device |   Up  |          Address           |      Mask     | Scope  |     Hw-Address    |
         Starting LXD - unix socket.
         Starting Socket activation for snappy daemon.
[   22.896850] cloud-init[943]: ci-info: +--------+-------+----------------------------+---------------+--------+-------------------+
[   22.928532] [[0;32m  OK  [0m] Started ACPI Events Check.
[[0;32m  OK  [0m] Reached target Paths.
cloud-init[943]: ci-info: | enp0s3 |  True |         10.0.2.15          | 255.255.255.0 | global | 02:3a:f4:24:e2:72 |
[   22.971032] [[0;32m  OK  [0m] Started Daily apt download activities.
[[0;32m  OK  [0m] Started Daily apt upgrade and clean activities.
[[0;32m  OK  [0m] Reached target Timers.
[[0;32m  OK  [0m] Listening on UUID daemon activation socket.
cloud-init[943]: ci-info: | enp0s3 |  True | fe80::3a:f4ff:fe24:e272/64 |       .       |  link  | 02:3a:f4:24:e2:72 |
[   23.012831] [cloud-init[0;32m  OK  [0m[943]: ] ci-info: | enp0s8 | False |             .              |       .       |   .    | 08:00:27:ed:ba:80 |Reached target Cloud-config availability.

[   23.013830] cloud-init[943]: ci-info: |   lo   |  True |         127.0.0.1          |   255.0.0.0   |  host  |         .         |
[[0;32m  OK  [0m] Reached target Network is Online.
[   23.037204] cloud-init[943]: ci-info: |   lo   |  True |          ::1/128           |       .       |  host  |         .         |
[   23.088637] cloud-init[943]: ci-info: +--------+-------+----------------------------+---------------+--------+-------------------+
[   23.152449]          cloud-initStarting iSCSI initiator daemon (iscsid)...[943]: 
ci-info: +++++++++++++++++++++++++++Route IPv4 info++++++++++++++++++++++++++++
[   23.240524] [cloud-init[0;32m  OK  [0m[943]: ] ci-info: +-------+-------------+----------+---------------+-----------+-------+Listening on LXD - unix socket.

[[0;32m  OK  [0m] Listening on Socket activation for snappy daemon.
[   23.241294] cloud-init[943]: ci-info: | Route | Destination | Gateway  |    Genmask    | Interface | Flags |
[   23.348453] cloud-init[943]: ci-info: +-------+-------------+----------+---------------+-----------+-------+
[[0;32m  OK  [0m] Started iSCSI initiator daemon (iscsid).
[   23.375813] cloud-init[943]: ci-info: |   0   |   0.0.0.0   | 10.0.2.2 |    0.0.0.0    |   enp0s3  |   UG  |
[   23.428113] cloud-init[943]: ci-info: |   1   |   10.0.2.0  | 0.0.0.0  | 255.255.255.0 |   enp0s3  |   U   |
[   23.428495] cloud-init[943]: ci-info: +-------+-------------+----------+---------------+-----------+-------+
         Starting Login to default iSCSI targets...
[   23.428713] cloud-init[943]: ci-info: +++++++++++++++++++Route IPv6 info+++++++++++++++++++
[   23.504727] cloud-init[943]: ci-info: +-------+-------------+---------+-----------+-------+
[[0;32m  OK  [0m] Reached target Sockets.
[   23.504869] cloud-init[943]: ci-info: | Route | Destination | Gateway | Interface | Flags |
[   23.596968] cloud-init[[0;32m  OK  [0m] Reached target Basic System.
[943]: ci-info: +-------+-------------+---------+-----------+-------+
[   23.704612] cloud-init[943]: ci-info: |   0   |  fe80::/64  |    ::   |   enp0s3  |   U   |
         Starting Accounts Service...
[   23.705664] cloud-init[943]: ci-info: |   3   |   ff00::/8  |    ::   |   enp0s3  |   U   |
[   23.780978] cloud-init[943]: ci-info: +-------+-------------+---------+-----------+-------+
[   23.781449] cloud-init[943]: Generating public/private rsa key pair.
[[0;32m  OK  [0m] Started FUSE filesystem for LXC.
[   23.781654] cloud-init[943]: Your identification has been saved in /etc/ssh/ssh_host_rsa_key.
[   23.992730] cloud-init[943]: Your public key has been saved in /etc/ssh/ssh_host_rsa_key.pub.
         Starting Login Service...
[   23.993541] cloud-init[943]: The key fingerprint is:
         [   24.072465] Starting System Logging Service...cloud-init
[943]: SHA256:Ap7VgfOtxjy0+/T/67+NTDkT+YrR6EciFTUSZDNo3HU root@ubuntu-xenial
[   24.148998] cloud-init[943]: The key's randomart image is:
[   24.149415] cloud-init[943]: +---[RSA 2048]----+
         Starting LSB: MD monitoring daemon...
[   24.149680] cloud-init[943]: |       ... +B++ E|
[[0;32m  OK  [0m] Started D-Bus System Message Bus.
[   24.260703] cloud-init[943]: |      o. .+.o+ o |
[   24.293222] cloud-init[943]: |    . .o.o   .   |
[   24.324252] cloud-init[943]: |   . +  o . .  . |
[   24.324698] cloud-init[943]: |    o .+So .  o  |
         Starting LSB: Record successful boot for GRUB...
[   24.325031] cloud-init[943]: |       .B . .o.+ |
[   24.360310] cloud-init[943]: |       . o..oo* .|
[   24.384497] cloud-init[943]: |        .. o =.=.|
[   24.384941] cloud-init[943]: |         .. +o*=B|
[[0;32m  OK  [0m] Started Regular background program processing daemon.
[   24.385175] cloud-init[943]: +----[SHA256]-----+
[   24.436457] cloud-init[943]: Generating public/private dsa key pair.
[   24.437003] cloud-init[943]: Your identification has been saved in /etc/ssh/ssh_host_dsa_key.
         Starting Pollinate to seed the pseudo random number generator...
[   24.437229] cloud-init[943]: Your public key has been saved in /etc/ssh/ssh_host_dsa_key.pub.
[   24.514566] cloud-init[943]: The key fingerprint is:
[[0;32m  OK  [0m] Started Unattended Upgrades Shutdown.
[   24.514824] cloud-init[943]: SHA256:0nsb8V9Xpr3ogCOAXIN0VXyEETBIoGEgEv3auxsnmu0 root@ubuntu-xenial
[   24.652551] cloud-init[943]: The key's randomart image is:
[   24.653065] cloud-init[943]: +---[DSA 1024]----+
         Starting Virtualbox guest utils...
[   24.653369] cloud-init[943]: |*= oooo+++=.     |
[   24.768451] cloud-init[943]: |+ = o.  .o .     |
[   24.768959] cloud-init[943]: | . o o    .      |
[[0;32m  OK  [0m] Started Deferred execution scheduler.
[   24.769161] cloud-init[943]: |  . + ..         |
[   24.836533] cloud-init[943]: |   = .. S .     o|
[   24.836955] cloud-init[943]: |  . . .. ..o   +.|
         Starting /etc/rc.local Compatibility...
[   24.837283] cloud-init[943]: |    o....oo.. . +|
[   24.912398] cloud-init[943]: |   +.+  ...o....o|
[   24.912817] cloud-init[943]: |  o.Eo    . .o.. |
         Starting LXD - container startup/shutdown...
[   24.913118] cloud-init[943]: +----[SHA256]-----+
[   25.085962] cloud-init[943]: Generating public/private ecdsa key pair.
[   25.086495] cloud-init[943]: Your identification has been saved in /etc/ssh/ssh_host_ecdsa_key.
         Starting Snappy daemon...
[   25.086844] cloud-init[943]: Your public key has been saved in /etc/ssh/ssh_host_ecdsa_key.pub.
[   25.253421] cloud-init[943]: The key fingerprint is:
[   25.253637] cloud-init[943]: SHA256:+nJ3p40Ec3Mg/AZG8LSG8X2ZUkgkZB9e2kOAWgcW7VE root@ubuntu-xenial
[[0;32m  OK  [0m] Started ACPI event daemon.
[   25.253988] cloud-init[943]: The key's randomart image is:
[   25.384414] cloud-init[943]: +---[ECDSA 256]---+
[   25.384849] cloud-init[943]: |        ooXB=+E  |
[[0;32m  OK  [0m] Started System Logging Service.
[   25.385067] cloud-init[943]: |         @o*=B o |
[   25.463325] cloud-init[943]: |        .oXoB.*  |
[   25.464163] cloud-init[943]: |        .o +.+ . |
[   25.464633] cloud-init[943]: |        S o = .  |
[[0;32m  OK  [0m] Started Snappy daemon.
[   25.464754] cloud-init[943]: |       .   = o   |
[   25.548657] cloud-init[943]: |      .     .    |
[[0;32m  OK  [0m] Started Pollinate to seed the pseudo random number generator.
[   25.549156] cloud-init[943]: |      ... ...o.  |
[   25.632393] cloud-init[943]: |       o.. .oo.  |
[   25.633136] cloud-init[943]: +----[SHA256]-----+
[[0;32m  OK  [0m] Started /etc/rc.local Compatibility.
[   25.633901] cloud-init[943]: Generating public/private ed25519 key pair.
[   25.712513] cloud-init[943]: Your identification has been saved in /etc/ssh/ssh_host_ed25519_key.
[[0;32m  OK  [0m] Started LXD - container startup/shutdown.
[   25.713142] cloud-init[943]: Your public key has been saved in /etc/ssh/ssh_host_ed25519_key.pub.
[   25.773147] cloud-init[943]: The key fingerprint is:
[   25.798770] cloud-init[943]: SHA256:RlSiij74ETpMQB2XHyORKFea+bVcx7gM/t62l177rgE root@ubuntu-xenial
[   25.823064] cloud-init[943]: The key's randomart image is:
[   25.823623] cloud-init[943]: +--[ED25519 256]--+
[[0;32m  OK  [0m] Started Login to default iSCSI targets.
[   25.824063] cloud-init[943]: | ...+++ o..      |
[   25.858775] cloud-init[943]: |.. +=+ = .o      |
[   25.877392] cloud-init[943]: |. o+  +o+o o     |
[   25.882219] cloud-init[943]: |.  ...+o= o      |
[   25.892467] cloud-init[943]: | .o .. +So  E    |
[   25.897288] cloud-init[943]: |o+ .   ..    .   |
[   25.901248] cloud-init[943]: |+.+      .    o. |
[   25.906137] cloud-init[943]: | o o    . .. o...|
[   25.911283] cloud-init[943]: |  .      ..o+..++|
[   25.936903] [cloud-init[0;32m  OK  [0m[943]: ] +----[SHA256]-----+Started LSB: MD monitoring daemon.

[[0;32m  OK  [0m] Started LSB: Record successful boot for GRUB.
[[0;32m  OK  [0m] Started Login Service.
         Starting Authenticate and Authorize Users to Run Privileged Tasks...
[[0;32m  OK  [0m] Reached target Remote File Systems (Pre).
[[0;32m  OK  [0m] Reached target Remote File Systems.
         Starting Permit User Sessions...
         Starting LSB: Set the CPU Frequency Scaling governor to "ondemand"...
         Starting LSB: automatic crash report generation...
         Starting LSB: daemon to balance interrupts for SMP systems...
         Starting OpenBSD Secure Shell server...
         Starting Wait until snapd is fully seeded...
[[0;32m  OK  [0m] Started Virtualbox guest utils.
[[0;32m  OK  [0m] Started Permit User Sessions.
[[0;32m  OK  [0m] Started Authenticate and Authorize Users to Run Privileged Tasks.
[[0;32m  OK  [0m] Started OpenBSD Secure Shell server.
[[0;32m  OK  [0m] Started Accounts Service.
         Starting Terminate Plymouth Boot Screen...
         Starting Hold until boot process finishes up...
[[0;32m  OK  [0m] Started LSB: Set the CPU Frequency Scaling governor to "ondemand".
[[0;32m  OK  [0m] Started LSB: automatic crash report generation.
[[0;32m  OK  [0m] Started LSB: daemon to balance interrupts for SMP systems.
[[0;32m  OK  [0m] Started Terminate Plymouth Boot Screen.
[[0;32m  OK  [0m] Started Hold until boot process finishes up.
[[0;32m  OK  [0m] Created slice User Slice of vagrant.
[[0;32m  OK  [0m] Started Session 1 of user vagrant.
         Starting User Manager for UID 1000...
         Starting Set console scheme...
[[0;32m  OK  [0m] Started Serial Getty on ttyS0.
[[0;32m  OK  [0m] Started Getty on tty1.
[[0;32m  OK  [0m] Reached target Login Prompts.
[[0;32m  OK  [0m] Started User Manager for UID 1000.
[[0;32m  OK  [0m] Started Set console scheme.
[[0;32m  OK  [0m] Started Wait until snapd is fully seeded.
         Starting Apply the settings specified in cloud-config...
[[0;32m  OK  [0m] Reached target Multi-User System.
[[0;32m  OK  [0m] Reached target Graphical Interface.
         Starting Update UTMP about System Runlevel Changes...
[[0;32m  OK  [0m] Started Update UTMP about System Runlevel Changes.
[   28.303667] cloud-init[1358]: Generating locales (this might take a while)...
         Stopping User Manager for UID 1000...
[[0;32m  OK  [0m] Stopped User Manager for UID 1000.
[[0;32m  OK  [0m] Removed slice User Slice of vagrant.
[   29.544472] cloud-init[1358]:   en_US.UTF-8... done
[   29.556711] cloud-init[1358]: Generation complete.
[[0;32m  OK  [0m] Created slice User Slice of vagrant.
         Starting User Manager for UID 1000...
[[0;32m  OK  [0m] Started User Manager for UID 1000.
[[0;32m  OK  [0m] Started Session 2 of user vagrant.
[   30.040942] cloud-init[1358]: Cloud-init v. 18.5-45-g3554ffe8-0ubuntu1~16.04.1 running 'modules:config' at Thu, 30 May 2019 08:27:07 +0000. Up 28.17 seconds.
[[0;32m  OK  [0m] Started Apply the settings specified in cloud-config.
         Starting Execute cloud user/final scripts...
ci-info: no authorized ssh keys fingerprints found for user ubuntu.
<14>May 30 08:27:10 ec2: 
<14>May 30 08:27:10 ec2: #############################################################
<14>May 30 08:27:10 ec2: -----BEGIN SSH HOST KEY FINGERPRINTS-----
<14>May 30 08:27:10 ec2: 1024 SHA256:0nsb8V9Xpr3ogCOAXIN0VXyEETBIoGEgEv3auxsnmu0 root@ubuntu-xenial (DSA)
<14>May 30 08:27:10 ec2: 256 SHA256:+nJ3p40Ec3Mg/AZG8LSG8X2ZUkgkZB9e2kOAWgcW7VE root@ubuntu-xenial (ECDSA)
<14>May 30 08:27:10 ec2: 256 SHA256:RlSiij74ETpMQB2XHyORKFea+bVcx7gM/t62l177rgE root@ubuntu-xenial (ED25519)
<14>May 30 08:27:10 ec2: 2048 SHA256:Ap7VgfOtxjy0+/T/67+NTDkT+YrR6EciFTUSZDNo3HU root@ubuntu-xenial (RSA)
<14>May 30 08:27:10 ec2: -----END SSH HOST KEY FINGERPRINTS-----
<14>May 30 08:27:10 ec2: #############################################################
-----BEGIN SSH HOST KEY KEYS-----
ecdsa-sha2-nistp256 AAAAE2VjZHNhLXNoYTItbmlzdHAyNTYAAAAIbmlzdHAyNTYAAABBBOV1dTwzCJl6Il5W7mVwmvdAVgfW9NNcIkLRC4ByPV0oAeS3WPgExSmrwvj/k2QY6BygFKR93fbJt3tu6UlQAak= root@ubuntu-xenial
ssh-ed25519 AAAAC3NzaC1lZDI1NTE5AAAAII27uRIB8WX4T1rY0UJM6KQ4ctoQTFcnttnm3/ANapaa root@ubuntu-xenial
ssh-rsa AAAAB3NzaC1yc2EAAAADAQABAAABAQC0VgaPyGCuRVcZccmssuswuaLTNCnleA/70WmMCjKy8DI9h2nTZ8NC8n+NM9PO3zWg9bv32DNe3A+02WzUobWWQ3HkrZkZ9+Wof7JWowhjhgL6dBSnIt3nBMeNb65Ny6KEsDweHm2BCCvMqJ0s80Fztz86hYIXxkRIQtwS7XNClBt+XXTB3I3tVILrGfp3B3wNGM4MjColmFzMVsUNYogB+fNR4aTRiJefnllmUpHrKBLTNgtHuhFVeU5rK8qmfI3y0Z+LV++p5Brq43NvqYwzkAIPnHDBV5jK9YKe64UpoUdNnMnTE6U0fsqiTupXpx8r6wCYY29I8m/jZblgoRK9 root@ubuntu-xenial
-----END SSH HOST KEY KEYS-----
[   31.511731] cloud-init[1593]: Cloud-init v. 18.5-45-g3554ffe8-0ubuntu1~16.04.1 running 'modules:final' at Thu, 30 May 2019 08:27:09 +0000. Up 30.69 seconds.
[   31.570805] cloud-init[1593]: ci-info: no authorized ssh keys fingerprints found for user ubuntu.
[   31.620793] cloud-init[1593]: Cloud-init v. 18.5-45-g3554ffe8-0ubuntu1~16.04.1 finished at Thu, 30 May 2019 08:27:10 +0000. Datasource DataSourceNoCloud [seed=/dev/sdb][dsmode=net].  Up 31.49 seconds
[[0;32m  OK  [0m] Started Execute cloud user/final scripts.
[[0;32m  OK  [0m] Reached target Cloud-init target.

Ubuntu 16.04.6 LTS ubuntu-xenial ttyS0

ubuntu-xenial login: 